<?xml version="1.0" encoding="UTF-8"?>
<!-- Generated by org.testng.reporters.JUnitXMLReporter -->
<testsuite ignored="0" hostname="LAPTOP-OCBKLDP8" failures="1" tests="3" name="LoginTest" time="0.047" errors="0" timestamp="2021-12-06T09:57:37 EST">
  <testcase classname="testNGLisenters.LoginTest" name="setup" time="0.009">
    <failure type="java.lang.AssertionError" message="expected [true] but found [false]">
      <![CDATA[java.lang.AssertionError: expected [true] but found [false]
at testNGLisenters.LoginTest.setup(LoginTest.java:10)
at java.base/java.util.ArrayList.forEach(ArrayList.java:1511)
... Removed 31 stack frames]]>
    </failure>
  </testcase> <!-- setup -->
  <testcase classname="testNGLisenters.LoginTest" name="loginByEmail" time="0.001"/>
  <testcase classname="testNGLisenters.LoginTest" name="loginByFacebook" time="0.0">
    <skipped/>
  </testcase> <!-- loginByFacebook -->
</testsuite> <!-- LoginTest -->
