<?xml version="1.0" encoding="UTF-8"?>
<testng-results ignored="0" total="1" passed="1" failed="0" skipped="0">
  <reporter-output>
  </reporter-output>
  <suite started-at="2021-12-21T18:13:10 EST" name="Default suite" finished-at="2021-12-21T18:13:26 EST" duration-ms="16486">
    <groups>
    </groups>
    <test started-at="2021-12-21T18:13:10 EST" name="Default test" finished-at="2021-12-21T18:13:26 EST" duration-ms="16486">
      <class name="web_automation.Contact_us">
        <test-method is-config="true" signature="launchBrowser()[pri:0, instance:web_automation.Contact_us@5c909414]" started-at="2021-12-21T18:13:10 EST" name="launchBrowser" finished-at="2021-12-21T18:13:14 EST" duration-ms="4415" status="PASS">
          <reporter-output>
          </reporter-output>
        </test-method> <!-- launchBrowser -->
        <test-method signature="contactUs()[pri:0, instance:web_automation.Contact_us@5c909414]" started-at="2021-12-21T18:13:14 EST" name="contactUs" finished-at="2021-12-21T18:13:26 EST" duration-ms="11969" status="PASS">
          <reporter-output>
          </reporter-output>
        </test-method> <!-- contactUs -->
        <test-method is-config="true" signature="quitUrl()[pri:0, instance:web_automation.Contact_us@5c909414]" started-at="2021-12-21T18:13:26 EST" name="quitUrl" finished-at="2021-12-21T18:13:26 EST" duration-ms="66" status="PASS">
          <reporter-output>
          </reporter-output>
        </test-method> <!-- quitUrl -->
      </class> <!-- web_automation.Contact_us -->
    </test> <!-- Default test -->
  </suite> <!-- Default suite -->
</testng-results>
