<?xml version="1.0" encoding="UTF-8"?>
<!-- Generated by org.testng.reporters.JUnitXMLReporter -->
<testsuite ignored="0" hostname="LAPTOP-OCBKLDP8" failures="0" tests="5" name="Test" time="0.033" errors="0" timestamp="2021-12-05T10:21:56 EST">
  <testcase classname="pack1.TC1" name="m1" time="0.003"/>
  <testcase classname="pack1.TC1" name="m2" time="0.001"/>
  <testcase classname="pack1.TC2" name="m3" time="0.0"/>
  <testcase classname="pack1.TC2" name="m4" time="0.001"/>
  <testcase classname="pack1.TC2" name="m5" time="0.0"/>
</testsuite> <!-- Test -->
