<?xml version="1.0" encoding="UTF-8"?>
<testng-results ignored="0" total="1" passed="1" failed="0" skipped="0">
  <reporter-output>
  </reporter-output>
  <suite started-at="2021-12-22T17:24:26 EST" name="Default suite" finished-at="2021-12-22T17:24:26 EST" duration-ms="32">
    <groups>
    </groups>
    <test started-at="2021-12-22T17:24:26 EST" name="Default test" finished-at="2021-12-22T17:24:26 EST" duration-ms="32">
      <class name="americanexpress.HelloTest">
        <test-method signature="testDisplay()[pri:0, instance:americanexpress.HelloTest@15eb5ee5]" started-at="2021-12-22T17:24:26 EST" name="testDisplay" finished-at="2021-12-22T17:24:26 EST" duration-ms="7" status="PASS">
          <reporter-output>
          </reporter-output>
        </test-method> <!-- testDisplay -->
      </class> <!-- americanexpress.HelloTest -->
    </test> <!-- Default test -->
  </suite> <!-- Default suite -->
</testng-results>
