<?xml version="1.0" encoding="UTF-8"?>
<testng-results ignored="0" total="1" passed="1" failed="0" skipped="0">
  <reporter-output>
  </reporter-output>
  <suite started-at="2022-01-05T11:13:12 EST" name="Amazon Test Suite" finished-at="2022-01-05T11:13:30 EST" duration-ms="18775">
    <groups>
    </groups>
    <test started-at="2022-01-05T11:13:12 EST" name="Test Basics 1" finished-at="2022-01-05T11:13:30 EST" duration-ms="18775">
      <class name="signUpPageTest.SignUpPageTest">
        <test-method is-config="true" signature="setUpBrowser(java.lang.String,java.lang.String)[pri:0, instance:signUpPageTest.SignUpPageTest@741a8937]" started-at="2022-01-05T11:13:12 EST" name="setUpBrowser" finished-at="2022-01-05T11:13:16 EST" duration-ms="4459" status="PASS">
          <params>
            <param index="0">
              <value>
                <![CDATA[chrome]]>
              </value>
            </param>
            <param index="1">
              <value>
                <![CDATA[https://www.amazon.com/]]>
              </value>
            </param>
          </params>
          <reporter-output>
          </reporter-output>
        </test-method> <!-- setUpBrowser -->
        <test-method is-config="true" signature="getInit()[pri:0, instance:signUpPageTest.SignUpPageTest@741a8937]" started-at="2022-01-05T11:13:16 EST" name="getInit" finished-at="2022-01-05T11:13:16 EST" duration-ms="21" status="PASS">
          <reporter-output>
          </reporter-output>
        </test-method> <!-- getInit -->
        <test-method signature="testSignUp()[pri:0, instance:signUpPageTest.SignUpPageTest@741a8937]" started-at="2022-01-05T11:13:16 EST" name="testSignUp" finished-at="2022-01-05T11:13:23 EST" duration-ms="6335" status="PASS">
          <reporter-output>
          </reporter-output>
        </test-method> <!-- testSignUp -->
        <test-method is-config="true" signature="closeBrowser()[pri:0, instance:signUpPageTest.SignUpPageTest@741a8937]" started-at="2022-01-05T11:13:23 EST" name="closeBrowser" finished-at="2022-01-05T11:13:30 EST" duration-ms="7923" status="PASS">
          <reporter-output>
          </reporter-output>
        </test-method> <!-- closeBrowser -->
      </class> <!-- signUpPageTest.SignUpPageTest -->
    </test> <!-- Test Basics 1 -->
  </suite> <!-- Amazon Test Suite -->
</testng-results>
