<?xml version="1.0" encoding="UTF-8"?>
<!-- Generated by org.testng.reporters.JUnitXMLReporter -->
<testsuite ignored="0" hostname="LAPTOP-OCBKLDP8" failures="0" tests="4" name="ChromeTest" time="10.395" errors="0" timestamp="2021-12-05T20:50:43 EST">
  <testcase classname="parameterization.CrossBrowserTest" name="launchBrowser" time="10.276"/>
  <testcase classname="parameterization.CrossBrowserTest" name="verifyTitle" time="0.012"/>
  <testcase classname="parameterization.CrossBrowserTest" name="registration" time="0.0"/>
  <testcase classname="parameterization.CrossBrowserTest" name="closeBrowser" time="0.077"/>
</testsuite> <!-- ChromeTest -->
