<?xml version="1.0" encoding="UTF-8"?>
<!-- Generated by org.testng.reporters.JUnitXMLReporter -->
<testsuite ignored="0" hostname="LAPTOP-OCBKLDP8" failures="0" tests="4" name="CrossBrowserTest" time="7.644" errors="0" timestamp="2021-12-05T20:31:54 EST">
  <testcase classname="parameterization.CrossBrowserTest" name="launchBrowser" time="7.563"/>
  <testcase classname="parameterization.CrossBrowserTest" name="verifyTitle" time="0.007"/>
  <testcase classname="parameterization.CrossBrowserTest" name="registration" time="0.001"/>
  <testcase classname="parameterization.CrossBrowserTest" name="closeBrowser" time="0.042"/>
</testsuite> <!-- CrossBrowserTest -->
